TN:
SF:/Users/oleh_kushch/Projects/cdp/cdp-angular/src/polyfills.ts
FNF:0
FNH:0
LF:0
LH:0
BRF:0
BRH:0
end_of_record
TN:
SF:/Users/oleh_kushch/Projects/cdp/cdp-angular/src/test.ts
FNF:0
FNH:0
DA:13,1
DA:18,1
DA:20,1
LF:3
LH:3
BRF:0
BRH:0
end_of_record
TN:
SF:/Users/oleh_kushch/Projects/cdp/cdp-angular/src/app/app.component.ts
FN:15,(anonymous_0)
FN:19,(anonymous_1)
FNF:2
FNH:2
FNDA:3,(anonymous_0)
FNDA:1,(anonymous_1)
DA:12,1
DA:13,1
DA:16,3
DA:17,3
DA:20,1
LF:5
LH:5
BRF:0
BRH:0
end_of_record
TN:
SF:/Users/oleh_kushch/Projects/cdp/cdp-angular/src/app/cart/components/cart-item/cart-item.component.ts
FN:17,(anonymous_0)
FN:19,(anonymous_1)
FN:22,(anonymous_2)
FN:26,(anonymous_3)
FN:30,(anonymous_4)
FN:34,(anonymous_5)
FNF:6
FNH:2
FNDA:1,(anonymous_0)
FNDA:1,(anonymous_1)
FNDA:0,(anonymous_2)
FNDA:0,(anonymous_3)
FNDA:0,(anonymous_4)
FNDA:0,(anonymous_5)
DA:10,1
DA:12,1
DA:14,1
DA:15,1
DA:23,0
DA:27,0
DA:31,0
DA:35,0
DA:36,0
DA:38,0
LF:10
LH:4
BRDA:35,0,0,0
BRDA:35,0,1,0
BRF:2
BRH:0
end_of_record
TN:
SF:/Users/oleh_kushch/Projects/cdp/cdp-angular/src/app/cart/components/cart-list/cart-list.component.ts
FN:20,(anonymous_0)
FN:24,(anonymous_1)
FN:28,(anonymous_2)
FN:32,(anonymous_3)
FN:36,(anonymous_4)
FN:40,(anonymous_5)
FN:46,(anonymous_6)
FN:50,(anonymous_7)
FNF:8
FNH:2
FNDA:1,(anonymous_0)
FNDA:1,(anonymous_1)
FNDA:0,(anonymous_2)
FNDA:0,(anonymous_3)
FNDA:0,(anonymous_4)
FNDA:0,(anonymous_5)
FNDA:0,(anonymous_6)
FNDA:0,(anonymous_7)
DA:15,1
DA:17,1
DA:18,1
DA:21,1
DA:22,1
DA:25,1
DA:29,0
DA:33,0
DA:37,0
DA:41,0
DA:47,0
DA:51,0
LF:12
LH:6
BRF:0
BRH:0
end_of_record
TN:
SF:/Users/oleh_kushch/Projects/cdp/cdp-angular/src/app/cart/services/cart.service.ts
FN:29,(anonymous_0)
FN:17,(anonymous_1)
FN:21,(anonymous_2)
FN:22,(anonymous_3)
FN:25,(anonymous_4)
FN:26,(anonymous_5)
FN:31,(anonymous_6)
FN:36,(anonymous_7)
FN:40,(anonymous_8)
FN:45,(anonymous_9)
FNF:10
FNH:0
FNDA:0,(anonymous_0)
FNDA:0,(anonymous_1)
FNDA:0,(anonymous_2)
FNDA:0,(anonymous_3)
FNDA:0,(anonymous_4)
FNDA:0,(anonymous_5)
FNDA:0,(anonymous_6)
FNDA:0,(anonymous_7)
FNDA:0,(anonymous_8)
FNDA:0,(anonymous_9)
DA:11,1
DA:12,0
DA:13,0
DA:15,0
DA:18,0
DA:22,0
DA:26,0
DA:29,0
DA:32,0
DA:33,0
DA:37,0
DA:41,0
DA:42,0
DA:46,0
LF:14
LH:1
BRF:0
BRH:0
end_of_record
TN:
SF:/Users/oleh_kushch/Projects/cdp/cdp-angular/src/app/core/index.ts
FNF:0
FNH:0
LF:0
LH:0
BRF:0
BRH:0
end_of_record
TN:
SF:/Users/oleh_kushch/Projects/cdp/cdp-angular/src/app/core/@ngrx/index.ts
FNF:0
FNH:0
LF:0
LH:0
BRF:0
BRH:0
end_of_record
TN:
SF:/Users/oleh_kushch/Projects/cdp/cdp-angular/src/app/core/@ngrx/products/index.ts
FNF:0
FNH:0
LF:0
LH:0
BRF:0
BRH:0
end_of_record
TN:
SF:/Users/oleh_kushch/Projects/cdp/cdp-angular/src/app/core/@ngrx/products/products.actions.ts
FNF:0
FNH:0
DA:5,1
DA:7,1
DA:12,1
DA:17,1
DA:22,1
DA:27,1
DA:32,1
DA:37,1
DA:42,1
DA:47,1
DA:52,1
DA:57,1
DA:62,1
DA:67,1
DA:72,1
LF:15
LH:15
BRF:0
BRH:0
end_of_record
TN:
SF:/Users/oleh_kushch/Projects/cdp/cdp-angular/src/app/core/@ngrx/products/products.selectors.ts
FN:10,(anonymous_0)
FN:11,(anonymous_1)
FN:22,(anonymous_2)
FNF:3
FNH:2
FNDA:1,(anonymous_0)
FNDA:0,(anonymous_1)
FNDA:1,(anonymous_2)
DA:8,1
DA:10,1
DA:11,1
DA:16,1
DA:19,1
DA:23,1
DA:24,0
DA:25,0
DA:27,0
LF:9
LH:6
BRDA:24,0,0,0
BRDA:24,0,1,0
BRF:2
BRH:0
end_of_record
TN:
SF:/Users/oleh_kushch/Projects/cdp/cdp-angular/src/app/core/@ngrx/products/products.state.ts
FN:10,selectProductId
FN:15,sortProductByName
FNF:2
FNH:0
FNDA:0,selectProductId
FNDA:0,sortProductByName
DA:12,0
DA:16,0
DA:20,1
DA:26,1
LF:4
LH:2
BRF:0
BRH:0
end_of_record
TN:
SF:/Users/oleh_kushch/Projects/cdp/cdp-angular/src/app/core/@ngrx/router/index.ts
FNF:0
FNH:0
LF:0
LH:0
BRF:0
BRH:0
end_of_record
TN:
SF:/Users/oleh_kushch/Projects/cdp/cdp-angular/src/app/core/@ngrx/router/router.actions.ts
FNF:0
FNH:0
DA:20,1
LF:1
LH:1
BRF:0
BRH:0
end_of_record
TN:
SF:/Users/oleh_kushch/Projects/cdp/cdp-angular/src/app/core/@ngrx/router/router.custom-serializer.ts
FN:7,(anonymous_0)
FNF:1
FNH:0
FNDA:0,(anonymous_0)
DA:8,0
DA:9,0
DA:10,0
DA:16,0
DA:18,0
DA:22,0
LF:6
LH:0
BRF:0
BRH:0
end_of_record
TN:
SF:/Users/oleh_kushch/Projects/cdp/cdp-angular/src/app/core/@ngrx/router/router.effects.ts
FN:14,(anonymous_0)
FN:21,(anonymous_1)
FN:24,(anonymous_2)
FN:28,(anonymous_3)
FNF:4
FNH:0
FNDA:0,(anonymous_0)
FNDA:0,(anonymous_1)
FNDA:0,(anonymous_2)
FNDA:0,(anonymous_3)
DA:12,1
DA:15,0
DA:16,0
DA:17,0
DA:20,0
DA:22,0
DA:25,0
DA:26,0
DA:29,0
LF:9
LH:1
BRF:0
BRH:0
end_of_record
TN:
SF:/Users/oleh_kushch/Projects/cdp/cdp-angular/src/app/core/@ngrx/router/router.reducer.ts
FNF:0
FNH:0
DA:6,1
LF:1
LH:1
BRF:0
BRH:0
end_of_record
TN:
SF:/Users/oleh_kushch/Projects/cdp/cdp-angular/src/app/core/@ngrx/router/router.selectors.ts
FNF:0
FNH:0
DA:6,1
DA:13,1
LF:2
LH:2
BRF:0
BRH:0
end_of_record
TN:
SF:/Users/oleh_kushch/Projects/cdp/cdp-angular/src/app/core/decorators/auto-unsubscribe.decorator.ts
FN:1,AutoUnsubscribe
FN:2,(anonymous_1)
FN:5,(anonymous_2)
FNF:3
FNH:3
FNDA:1,AutoUnsubscribe
FNDA:1,(anonymous_1)
FNDA:1,(anonymous_2)
DA:2,1
DA:3,1
DA:5,1
DA:6,1
DA:8,1
DA:9,1
DA:12,1
DA:13,0
DA:16,1
LF:9
LH:8
BRDA:1,0,0,1
BRDA:8,1,0,1
BRDA:8,1,1,0
BRDA:12,2,0,0
BRDA:12,2,1,1
BRDA:12,3,0,1
BRDA:12,3,1,0
BRF:7
BRH:4
end_of_record
TN:
SF:/Users/oleh_kushch/Projects/cdp/cdp-angular/src/app/core/guards/auth.guard.ts
FN:15,(anonymous_0)
FN:20,(anonymous_1)
FN:27,(anonymous_2)
FN:34,(anonymous_3)
FN:39,(anonymous_4)
FNF:5
FNH:0
FNDA:0,(anonymous_0)
FNDA:0,(anonymous_1)
FNDA:0,(anonymous_2)
FNDA:0,(anonymous_3)
FNDA:0,(anonymous_4)
DA:13,1
DA:16,0
DA:17,0
DA:23,0
DA:24,0
DA:30,0
DA:31,0
DA:35,0
DA:36,0
DA:40,0
DA:43,0
DA:46,0
LF:12
LH:1
BRDA:40,0,0,0
BRDA:40,0,1,0
BRF:2
BRH:0
end_of_record
TN:
SF:/Users/oleh_kushch/Projects/cdp/cdp-angular/src/app/core/services/app-settings.service.ts
FN:19,(anonymous_0)
FN:24,(anonymous_1)
FN:27,(anonymous_2)
FN:35,(anonymous_3)
FN:36,(anonymous_4)
FN:40,(anonymous_5)
FNF:6
FNH:0
FNDA:0,(anonymous_0)
FNDA:0,(anonymous_1)
FNDA:0,(anonymous_2)
FNDA:0,(anonymous_3)
FNDA:0,(anonymous_4)
FNDA:0,(anonymous_5)
DA:12,1
DA:14,0
DA:20,0
DA:21,0
DA:25,0
DA:26,0
DA:27,0
DA:28,0
DA:32,0
DA:35,0
DA:37,0
DA:38,0
DA:40,0
DA:41,0
DA:42,0
LF:15
LH:1
BRDA:26,0,0,0
BRDA:26,0,1,0
BRDA:37,1,0,0
BRDA:37,1,1,0
BRF:4
BRH:0
end_of_record
TN:
SF:/Users/oleh_kushch/Projects/cdp/cdp-angular/src/app/core/services/auth.service.ts
FN:21,(anonymous_0)
FN:17,(anonymous_1)
FN:23,(anonymous_2)
FN:26,(anonymous_3)
FN:30,(anonymous_4)
FNF:5
FNH:0
FNDA:0,(anonymous_0)
FNDA:0,(anonymous_1)
FNDA:0,(anonymous_2)
FNDA:0,(anonymous_3)
FNDA:0,(anonymous_4)
DA:8,1
DA:12,1
DA:18,0
DA:21,0
DA:24,0
DA:26,0
DA:31,0
LF:7
LH:2
BRF:0
BRH:0
end_of_record
TN:
SF:/Users/oleh_kushch/Projects/cdp/cdp-angular/src/app/core/services/config-options.service.ts
FN:10,(anonymous_0)
FN:12,(anonymous_1)
FN:15,(anonymous_2)
FN:23,(anonymous_3)
FNF:4
FNH:0
FNDA:0,(anonymous_0)
FNDA:0,(anonymous_1)
FNDA:0,(anonymous_2)
FNDA:0,(anonymous_3)
DA:6,1
DA:13,0
DA:16,0
DA:17,0
DA:19,0
DA:24,0
LF:6
LH:1
BRDA:16,0,0,0
BRDA:16,0,1,0
BRDA:24,1,0,0
BRDA:24,1,1,0
BRF:4
BRH:0
end_of_record
TN:
SF:/Users/oleh_kushch/Projects/cdp/cdp-angular/src/app/core/services/constants-service.service.ts
FNF:0
FNH:0
DA:2,1
LF:1
LH:1
BRF:0
BRH:0
end_of_record
TN:
SF:/Users/oleh_kushch/Projects/cdp/cdp-angular/src/app/core/services/coutry-list.service.ts
FNF:0
FNH:0
DA:7,1
DA:9,1
LF:2
LH:2
BRF:0
BRH:0
end_of_record
TN:
SF:/Users/oleh_kushch/Projects/cdp/cdp-angular/src/app/core/services/generator.service.ts
FN:5,generate
FN:17,generatorServiceFactory
FN:18,(anonymous_2)
FNF:3
FNH:0
FNDA:0,generate
FNDA:0,generatorServiceFactory
FNDA:0,(anonymous_2)
DA:3,1
DA:6,0
DA:7,0
DA:8,0
DA:10,0
DA:11,0
DA:12,0
DA:14,0
DA:18,0
DA:19,0
LF:10
LH:1
BRDA:6,0,0,0
BRDA:6,0,1,0
BRDA:6,1,0,0
BRDA:6,1,1,0
BRF:4
BRH:0
end_of_record
TN:
SF:/Users/oleh_kushch/Projects/cdp/cdp-angular/src/app/core/services/local-storage.service.ts
FN:7,(anonymous_0)
FN:9,(anonymous_1)
FN:17,(anonymous_2)
FN:25,(anonymous_3)
FNF:4
FNH:0
FNDA:0,(anonymous_0)
FNDA:0,(anonymous_1)
FNDA:0,(anonymous_2)
FNDA:0,(anonymous_3)
DA:4,1
DA:5,0
DA:10,0
DA:11,0
DA:13,0
DA:18,0
DA:19,0
DA:21,0
DA:26,0
LF:9
LH:1
BRF:0
BRH:0
end_of_record
TN:
SF:/Users/oleh_kushch/Projects/cdp/cdp-angular/src/app/core/services/order-http-client.service.ts
FN:14,(anonymous_0)
FN:16,(anonymous_1)
FN:20,(anonymous_2)
FN:24,(anonymous_3)
FN:27,(anonymous_4)
FN:35,(anonymous_5)
FNF:6
FNH:0
FNDA:0,(anonymous_0)
FNDA:0,(anonymous_1)
FNDA:0,(anonymous_2)
FNDA:0,(anonymous_3)
FNDA:0,(anonymous_4)
FNDA:0,(anonymous_5)
DA:11,1
DA:12,0
DA:14,0
DA:17,0
DA:21,0
DA:24,0
DA:28,0
DA:30,0
DA:36,0
DA:37,0
LF:10
LH:1
BRDA:37,0,0,0
BRDA:37,0,1,0
BRF:2
BRH:0
end_of_record
TN:
SF:/Users/oleh_kushch/Projects/cdp/cdp-angular/src/app/core/services/order.service.ts
FN:14,(anonymous_0)
FN:19,(anonymous_1)
FN:21,(anonymous_2)
FN:24,(anonymous_3)
FN:26,(anonymous_4)
FN:29,(anonymous_5)
FNF:6
FNH:0
FNDA:0,(anonymous_0)
FNDA:0,(anonymous_1)
FNDA:0,(anonymous_2)
FNDA:0,(anonymous_3)
FNDA:0,(anonymous_4)
FNDA:0,(anonymous_5)
DA:12,1
DA:15,0
DA:16,0
DA:20,0
DA:21,0
DA:25,0
DA:26,0
DA:30,0
LF:8
LH:1
BRF:0
BRH:0
end_of_record
TN:
SF:/Users/oleh_kushch/Projects/cdp/cdp-angular/src/app/layout/components/about/about.component.ts
FN:17,(anonymous_0)
FN:23,(anonymous_1)
FNF:2
FNH:2
FNDA:2,(anonymous_0)
FNDA:2,(anonymous_1)
DA:15,1
DA:18,2
DA:19,2
DA:20,2
DA:21,2
DA:24,2
LF:6
LH:6
BRF:0
BRH:0
end_of_record
TN:
SF:/Users/oleh_kushch/Projects/cdp/cdp-angular/src/app/products/components/product/product.component.ts
FN:30,(anonymous_0)
FN:34,(anonymous_1)
FN:40,(anonymous_2)
FN:41,(anonymous_3)
FN:46,(anonymous_4)
FN:50,(anonymous_5)
FN:54,(anonymous_6)
FNF:7
FNH:3
FNDA:1,(anonymous_0)
FNDA:1,(anonymous_1)
FNDA:0,(anonymous_2)
FNDA:1,(anonymous_3)
FNDA:0,(anonymous_4)
FNDA:0,(anonymous_5)
FNDA:0,(anonymous_6)
DA:21,1
DA:22,1
DA:26,1
DA:28,1
DA:31,1
DA:35,1
DA:36,1
DA:37,1
DA:40,0
DA:41,1
DA:47,0
DA:51,0
DA:55,0
LF:13
LH:9
BRDA:35,0,0,1
BRDA:35,0,1,0
BRF:2
BRH:1
end_of_record
TN:
SF:/Users/oleh_kushch/Projects/cdp/cdp-angular/src/app/products/components/product-list/product-list.component.ts
FN:21,(anonymous_0)
FN:26,(anonymous_1)
FN:32,(anonymous_2)
FNF:3
FNH:2
FNDA:1,(anonymous_0)
FNDA:1,(anonymous_1)
FNDA:0,(anonymous_2)
DA:17,1
DA:22,1
DA:23,1
DA:27,1
DA:28,1
DA:29,1
DA:33,0
LF:7
LH:6
BRF:0
BRH:0
end_of_record
TN:
SF:/Users/oleh_kushch/Projects/cdp/cdp-angular/src/app/products/models/product.model.ts
FN:1,(anonymous_0)
FN:16,(anonymous_1)
FNF:2
FNH:1
FNDA:1,(anonymous_0)
FNDA:0,(anonymous_1)
DA:1,1
DA:2,1
DA:3,1
DA:17,0
DA:18,0
DA:19,0
DA:20,0
DA:21,0
DA:22,0
DA:24,0
LF:10
LH:3
BRDA:1,0,0,1
BRDA:1,0,1,1
BRDA:17,1,0,0
BRDA:18,2,0,0
BRDA:19,3,0,0
BRDA:20,4,0,0
BRDA:21,5,0,0
BRDA:24,6,0,0
BRDA:24,6,1,0
BRF:9
BRH:2
end_of_record
TN:
SF:/Users/oleh_kushch/Projects/cdp/cdp-angular/src/app/products/services/product.service.ts
FN:13,(anonymous_0)
FN:17,(anonymous_1)
FN:21,(anonymous_2)
FN:25,(anonymous_3)
FN:29,(anonymous_4)
FN:33,(anonymous_5)
FNF:6
FNH:2
FNDA:1,(anonymous_0)
FNDA:1,(anonymous_1)
FNDA:0,(anonymous_2)
FNDA:0,(anonymous_3)
FNDA:0,(anonymous_4)
FNDA:0,(anonymous_5)
DA:11,1
DA:14,1
DA:18,1
DA:22,0
DA:26,0
DA:30,0
DA:34,0
LF:7
LH:3
BRF:0
BRH:0
end_of_record
TN:
SF:/Users/oleh_kushch/Projects/cdp/cdp-angular/src/app/products/services/products-http-client.service.ts
FN:15,(anonymous_0)
FN:20,(anonymous_1)
FN:23,(anonymous_2)
FN:24,(anonymous_3)
FN:42,(anonymous_4)
FN:47,(anonymous_5)
FN:51,(anonymous_6)
FN:55,(anonymous_7)
FN:62,(anonymous_8)
FN:66,(anonymous_9)
FN:77,(anonymous_10)
FNF:11
FNH:0
FNDA:0,(anonymous_0)
FNDA:0,(anonymous_1)
FNDA:0,(anonymous_2)
FNDA:0,(anonymous_3)
FNDA:0,(anonymous_4)
FNDA:0,(anonymous_5)
FNDA:0,(anonymous_6)
FNDA:0,(anonymous_7)
FNDA:0,(anonymous_8)
FNDA:0,(anonymous_9)
FNDA:0,(anonymous_10)
DA:12,1
DA:13,0
DA:16,0
DA:17,0
DA:21,0
DA:23,0
DA:26,0
DA:27,0
DA:31,0
DA:36,0
DA:43,0
DA:48,0
DA:51,0
DA:56,0
DA:62,0
DA:67,0
DA:69,0
DA:78,0
DA:79,0
LF:19
LH:1
BRDA:26,0,0,0
BRDA:26,0,1,0
BRDA:79,1,0,0
BRDA:79,1,1,0
BRF:4
BRH:0
end_of_record
TN:
SF:/Users/oleh_kushch/Projects/cdp/cdp-angular/src/app/shared/index.ts
FNF:0
FNH:0
LF:0
LH:0
BRF:0
BRH:0
end_of_record
TN:
SF:/Users/oleh_kushch/Projects/cdp/cdp-angular/src/app/shared/shared.module.ts
FNF:0
FNH:0
DA:24,1
LF:1
LH:1
BRF:0
BRH:0
end_of_record
TN:
SF:/Users/oleh_kushch/Projects/cdp/cdp-angular/src/app/shared/directives/bg-highlighter.directive.ts
FN:18,(anonymous_0)
FN:10,(anonymous_1)
FN:14,(anonymous_2)
FNF:3
FNH:0
FNDA:0,(anonymous_0)
FNDA:0,(anonymous_1)
FNDA:0,(anonymous_2)
DA:6,1
DA:8,1
DA:10,1
DA:11,0
DA:14,1
DA:15,0
LF:6
LH:4
BRF:0
BRH:0
end_of_record
TN:
SF:/Users/oleh_kushch/Projects/cdp/cdp-angular/src/app/shared/pipes/order-by.pipe.ts
FN:9,(anonymous_0)
FN:14,(anonymous_1)
FN:25,parsObject
FN:26,(anonymous_3)
FNF:4
FNH:4
FNDA:1,(anonymous_0)
FNDA:4,(anonymous_1)
FNDA:8,parsObject
FNDA:8,(anonymous_3)
DA:7,1
DA:10,1
DA:11,1
DA:12,0
DA:14,1
DA:15,4
DA:16,4
DA:17,4
DA:18,4
DA:26,8
DA:28,8
DA:29,8
DA:31,0
DA:33,8
LF:14
LH:12
BRDA:11,0,0,0
BRDA:11,0,1,1
BRDA:17,1,0,4
BRDA:17,1,1,0
BRDA:17,2,0,4
BRDA:17,2,1,4
BRDA:18,3,0,4
BRDA:18,3,1,0
BRDA:28,4,0,8
BRDA:28,4,1,0
BRF:10
BRH:6
end_of_record
TN:
SF:/Users/oleh_kushch/Projects/cdp/cdp-angular/src/app/shared/validators/custom-email.directive.ts
FN:24,(anonymous_0)
FN:15,(anonymous_1)
FNF:2
FNH:0
FNDA:0,(anonymous_0)
FNDA:0,(anonymous_1)
DA:14,1
DA:16,0
DA:17,0
DA:21,0
LF:4
LH:1
BRDA:16,0,0,0
BRDA:16,0,1,0
BRDA:16,1,0,0
BRDA:16,1,1,0
BRF:4
BRH:0
end_of_record
TN:
SF:/Users/oleh_kushch/Projects/cdp/cdp-angular/src/app/testing-helpers/index.ts
FNF:0
FNH:0
LF:0
LH:0
BRF:0
BRH:0
end_of_record
TN:
SF:/Users/oleh_kushch/Projects/cdp/cdp-angular/src/app/testing-helpers/router-stubs.ts
FN:9,(anonymous_0)
FN:23,(anonymous_1)
FN:24,(anonymous_2)
FN:30,(anonymous_3)
FN:37,(anonymous_4)
FN:38,(anonymous_5)
FN:41,(anonymous_6)
FN:54,(anonymous_7)
FNF:8
FNH:1
FNDA:0,(anonymous_0)
FNDA:0,(anonymous_1)
FNDA:0,(anonymous_2)
FNDA:0,(anonymous_3)
FNDA:0,(anonymous_4)
FNDA:0,(anonymous_5)
FNDA:15,(anonymous_6)
FNDA:0,(anonymous_7)
DA:10,1
DA:16,0
DA:20,0
DA:23,0
DA:25,0
DA:26,0
DA:31,0
DA:36,1
DA:38,0
DA:49,1
DA:51,1
DA:52,15
DA:55,0
DA:61,1
LF:14
LH:6
BRF:0
BRH:0
end_of_record
TN:
SF:/Users/oleh_kushch/Projects/cdp/cdp-angular/src/app/widgets/index.ts
FNF:0
FNH:0
LF:0
LH:0
BRF:0
BRH:0
end_of_record
TN:
SF:/Users/oleh_kushch/Projects/cdp/cdp-angular/src/app/widgets/spinner/spinner.component.ts
FN:10,(anonymous_0)
FN:12,(anonymous_1)
FNF:2
FNH:2
FNDA:1,(anonymous_0)
FNDA:1,(anonymous_1)
DA:8,1
LF:1
LH:1
BRF:0
BRH:0
end_of_record
TN:
SF:/Users/oleh_kushch/Projects/cdp/cdp-angular/src/app/widgets/spinner/spinner.module.ts
FN:17,(anonymous_0)
FNF:1
FNH:1
FNDA:3,(anonymous_0)
DA:16,1
DA:18,3
LF:2
LH:2
BRF:0
BRH:0
end_of_record
TN:
SF:/Users/oleh_kushch/Projects/cdp/cdp-angular/src/app/widgets/spinner/spinner.service.ts
FN:3,(anonymous_0)
FN:7,(anonymous_1)
FN:11,(anonymous_2)
FN:15,(anonymous_3)
FNF:4
FNH:0
FNDA:0,(anonymous_0)
FNDA:0,(anonymous_1)
FNDA:0,(anonymous_2)
FNDA:0,(anonymous_3)
DA:4,1
DA:5,0
DA:8,0
DA:12,0
DA:16,0
LF:5
LH:1
BRF:0
BRH:0
end_of_record
